<?xml version="1.0" encoding="UTF-8"?>
<testng-results ignored="0" total="1" passed="1" failed="0" skipped="0">
  <reporter-output>
  </reporter-output>
  <suite started-at="2020-03-29T02:36:24Z" name="Default suite" finished-at="2020-03-29T02:36:44Z" duration-ms="20143">
    <groups>
      <group name="cucumber">
        <method signature="AbstractTestNGCucumberTests.feature(cucumber.api.testng.CucumberFeatureWrapper)[pri:0, instance:com.test.PageTestRunner.CotactTestRunner@7b02881e]" name="feature" class="cucumber.api.testng.AbstractTestNGCucumberTests"/>
      </group> <!-- cucumber -->
    </groups>
    <test started-at="2020-03-29T02:36:24Z" name="Default test" finished-at="2020-03-29T02:36:44Z" duration-ms="20143">
      <class name="com.test.PageTestRunner.CotactTestRunner">
        <test-method is-config="true" signature="setUp()[pri:0, instance:com.test.PageTestRunner.CotactTestRunner@7b02881e]" started-at="2020-03-29T02:36:24Z" name="setUp" finished-at="2020-03-29T02:36:35Z" duration-ms="11035" status="PASS">
          <reporter-output>
          </reporter-output>
        </test-method> <!-- setUp -->
        <test-method is-config="true" signature="setUpClass()[pri:0, instance:com.test.PageTestRunner.CotactTestRunner@7b02881e]" started-at="2020-03-29T02:36:35Z" name="setUpClass" finished-at="2020-03-29T02:36:35Z" duration-ms="495" status="PASS">
          <reporter-output>
          </reporter-output>
        </test-method> <!-- setUpClass -->
        <test-method signature="feature(cucumber.api.testng.CucumberFeatureWrapper)[pri:0, instance:com.test.PageTestRunner.CotactTestRunner@7b02881e]" started-at="2020-03-29T02:36:35Z" name="feature" description="Runs Cucumber Feature" data-provider="features" finished-at="2020-03-29T02:36:44Z" duration-ms="8319" status="PASS">
          <params>
            <param index="0">
              <value>
                <![CDATA[Contact Functionatity]]>
              </value>
            </param>
          </params>
          <reporter-output>
          </reporter-output>
        </test-method> <!-- feature -->
        <test-method is-config="true" signature="tearDownClass()[pri:0, instance:com.test.PageTestRunner.CotactTestRunner@7b02881e]" started-at="2020-03-29T02:36:44Z" name="tearDownClass" finished-at="2020-03-29T02:36:44Z" duration-ms="44" status="PASS">
          <reporter-output>
          </reporter-output>
        </test-method> <!-- tearDownClass -->
        <test-method is-config="true" signature="tearDown()[pri:0, instance:com.test.PageTestRunner.CotactTestRunner@7b02881e]" started-at="2020-03-29T02:36:44Z" name="tearDown" finished-at="2020-03-29T02:36:44Z" duration-ms="1" status="PASS">
          <reporter-output>
          </reporter-output>
        </test-method> <!-- tearDown -->
      </class> <!-- com.test.PageTestRunner.CotactTestRunner -->
    </test> <!-- Default test -->
  </suite> <!-- Default suite -->
</testng-results>
